/Users/sovesh/miniconda3/lib/python3.12/site-packages/torchvision/io/image.py:14: UserWarning: Failed to load image Python extension: 'dlopen(/Users/sovesh/miniconda3/lib/python3.12/site-packages/torchvision/image.so, 0x0006): Library not loaded: @rpath/libjpeg.9.dylib
  Referenced from: <367D4265-B20F-34BD-94EB-4F3EE47C385B> /Users/sovesh/miniconda3/lib/python3.12/site-packages/torchvision/image.so
  Reason: tried: '/Users/sovesh/ITK-5.2-install/lib/libjpeg.9.dylib' (no such file), '/libjpeg.9.dylib' (no such file), '/Users/sovesh/miniconda3/lib/python3.12/site-packages/torchvision/../../../libjpeg.9.dylib' (no such file), '/Users/sovesh/miniconda3/lib/python3.12/site-packages/torchvision/../../../libjpeg.9.dylib' (no such file), '/Users/sovesh/miniconda3/lib/python3.12/lib-dynload/../../libjpeg.9.dylib' (no such file), '/Users/sovesh/miniconda3/bin/../lib/libjpeg.9.dylib' (no such file)'If you don't plan on using image functionality from `torchvision.io`, you can ignore this warning. Otherwise, there might be something wrong with your environment. Did you have `libjpeg` or `libpng` installed before building `torchvision` from source?
  warn(
Using device: mps
Downloading http://yann.lecun.com/exdb/mnist/train-images-idx3-ubyte.gz
Failed to download (trying next):
HTTP Error 404: Not Found

Downloading https://ossci-datasets.s3.amazonaws.com/mnist/train-images-idx3-ubyte.gz
Downloading https://ossci-datasets.s3.amazonaws.com/mnist/train-images-idx3-ubyte.gz to ./data/MNIST/raw/train-images-idx3-ubyte.gz
  0%|          | 0.00/9.91M [00:00<?, ?B/s]  2%|▏         | 229k/9.91M [00:00<00:04, 2.25MB/s]  7%|▋         | 655k/9.91M [00:00<00:02, 3.37MB/s] 14%|█▍        | 1.41M/9.91M [00:00<00:01, 5.21MB/s] 26%|██▌       | 2.56M/9.91M [00:00<00:00, 7.58MB/s] 38%|███▊      | 3.74M/9.91M [00:00<00:00, 9.07MB/s] 51%|█████     | 5.01M/9.91M [00:00<00:00, 10.2MB/s] 64%|██████▍   | 6.39M/9.91M [00:00<00:00, 11.3MB/s] 77%|███████▋  | 7.63M/9.91M [00:00<00:00, 11.6MB/s] 92%|█████████▏| 9.14M/9.91M [00:00<00:00, 12.6MB/s]100%|██████████| 9.91M/9.91M [00:00<00:00, 10.2MB/s]
Extracting ./data/MNIST/raw/train-images-idx3-ubyte.gz to ./data/MNIST/raw

Downloading http://yann.lecun.com/exdb/mnist/train-labels-idx1-ubyte.gz
Failed to download (trying next):
HTTP Error 404: Not Found

Downloading https://ossci-datasets.s3.amazonaws.com/mnist/train-labels-idx1-ubyte.gz
Downloading https://ossci-datasets.s3.amazonaws.com/mnist/train-labels-idx1-ubyte.gz to ./data/MNIST/raw/train-labels-idx1-ubyte.gz
  0%|          | 0.00/28.9k [00:00<?, ?B/s]100%|██████████| 28.9k/28.9k [00:00<00:00, 641kB/s]
Extracting ./data/MNIST/raw/train-labels-idx1-ubyte.gz to ./data/MNIST/raw

Downloading http://yann.lecun.com/exdb/mnist/t10k-images-idx3-ubyte.gz
Failed to download (trying next):
HTTP Error 404: Not Found

Downloading https://ossci-datasets.s3.amazonaws.com/mnist/t10k-images-idx3-ubyte.gz
Downloading https://ossci-datasets.s3.amazonaws.com/mnist/t10k-images-idx3-ubyte.gz to ./data/MNIST/raw/t10k-images-idx3-ubyte.gz
  0%|          | 0.00/1.65M [00:00<?, ?B/s]  8%|▊         | 131k/1.65M [00:00<00:01, 1.22MB/s] 36%|███▌      | 590k/1.65M [00:00<00:00, 3.12MB/s]100%|██████████| 1.65M/1.65M [00:00<00:00, 5.54MB/s]
Extracting ./data/MNIST/raw/t10k-images-idx3-ubyte.gz to ./data/MNIST/raw

Downloading http://yann.lecun.com/exdb/mnist/t10k-labels-idx1-ubyte.gz
Failed to download (trying next):
HTTP Error 404: Not Found

Downloading https://ossci-datasets.s3.amazonaws.com/mnist/t10k-labels-idx1-ubyte.gz
Downloading https://ossci-datasets.s3.amazonaws.com/mnist/t10k-labels-idx1-ubyte.gz to ./data/MNIST/raw/t10k-labels-idx1-ubyte.gz
  0%|          | 0.00/4.54k [00:00<?, ?B/s]100%|██████████| 4.54k/4.54k [00:00<00:00, 8.11MB/s]
Extracting ./data/MNIST/raw/t10k-labels-idx1-ubyte.gz to ./data/MNIST/raw

UNet Parameters: 324,705
Epoch 01/15 | Loss: 0.2203
Epoch 02/15 | Loss: 0.1124
Epoch 03/15 | Loss: 0.0987
Epoch 04/15 | Loss: 0.0889
Epoch 05/15 | Loss: 0.0839
Epoch 06/15 | Loss: 0.0779
Epoch 07/15 | Loss: 0.0756
Epoch 08/15 | Loss: 0.0727
Epoch 09/15 | Loss: 0.0716
Epoch 10/15 | Loss: 0.0693
Epoch 11/15 | Loss: 0.0686
Epoch 12/15 | Loss: 0.0670
Epoch 13/15 | Loss: 0.0644
Epoch 14/15 | Loss: 0.0632
Epoch 15/15 | Loss: 0.0619

Generating final samples grid...
Generating denoising trajectory...
Plotting training loss...
Done! Generated generate_grid.png, denoising_trajectory.png, and training_loss.png
