2026-03-29 21:27:49,660 - INFO - Using device: cpu
2026-03-29 21:27:49,660 - INFO - Generating synthetic sequence data with long-range dependencies...
2026-03-29 21:27:49,699 - INFO - Model created with 204,290 parameters
2026-03-29 21:27:50,305 - INFO - Starting training...
2026-03-29 21:27:52,794 - INFO - Epoch 1/100 | Train Loss: 0.6558 | Train Acc: 62.40% | Test Loss: 0.6173 | Test Acc: 64.10%
2026-03-29 21:27:55,227 - INFO - Epoch 2/100 | Train Loss: 0.5471 | Train Acc: 72.88% | Test Loss: 0.4694 | Test Acc: 80.60%
2026-03-29 21:27:57,737 - INFO - Epoch 3/100 | Train Loss: 0.4058 | Train Acc: 82.00% | Test Loss: 0.3416 | Test Acc: 85.90%
2026-03-29 21:28:00,143 - INFO - Epoch 4/100 | Train Loss: 0.2820 | Train Acc: 88.20% | Test Loss: 0.2684 | Test Acc: 88.40%
2026-03-29 21:28:02,551 - INFO - Epoch 5/100 | Train Loss: 0.2341 | Train Acc: 89.70% | Test Loss: 0.2187 | Test Acc: 90.50%
2026-03-29 21:28:05,070 - INFO - Epoch 6/100 | Train Loss: 0.1913 | Train Acc: 91.82% | Test Loss: 0.1904 | Test Acc: 91.50%
2026-03-29 21:28:07,526 - INFO - Epoch 7/100 | Train Loss: 0.1922 | Train Acc: 91.36% | Test Loss: 0.1803 | Test Acc: 92.10%
2026-03-29 21:28:09,949 - INFO - Epoch 8/100 | Train Loss: 0.1615 | Train Acc: 92.86% | Test Loss: 0.1493 | Test Acc: 94.10%
2026-03-29 21:28:12,350 - INFO - Epoch 9/100 | Train Loss: 0.1289 | Train Acc: 94.56% | Test Loss: 0.1351 | Test Acc: 93.80%
2026-03-29 21:28:14,805 - INFO - Epoch 10/100 | Train Loss: 0.1307 | Train Acc: 94.74% | Test Loss: 0.1264 | Test Acc: 94.40%
2026-03-29 21:28:17,215 - INFO - Epoch 11/100 | Train Loss: 0.1083 | Train Acc: 95.50% | Test Loss: 0.1396 | Test Acc: 93.80%
2026-03-29 21:28:19,605 - INFO - Epoch 12/100 | Train Loss: 0.1036 | Train Acc: 95.62% | Test Loss: 0.1519 | Test Acc: 93.60%
2026-03-29 21:28:22,048 - INFO - Epoch 13/100 | Train Loss: 0.1026 | Train Acc: 95.60% | Test Loss: 0.1116 | Test Acc: 95.20%
2026-03-29 21:28:24,463 - INFO - Epoch 14/100 | Train Loss: 0.0788 | Train Acc: 96.82% | Test Loss: 0.1302 | Test Acc: 94.30%
2026-03-29 21:28:26,905 - INFO - Epoch 15/100 | Train Loss: 0.0830 | Train Acc: 96.66% | Test Loss: 0.1184 | Test Acc: 95.30%
2026-03-29 21:28:29,397 - INFO - Epoch 16/100 | Train Loss: 0.0740 | Train Acc: 96.84% | Test Loss: 0.1272 | Test Acc: 94.90%
2026-03-29 21:28:31,813 - INFO - Epoch 17/100 | Train Loss: 0.0566 | Train Acc: 97.90% | Test Loss: 0.1237 | Test Acc: 95.70%
2026-03-29 21:28:34,231 - INFO - Epoch 18/100 | Train Loss: 0.0585 | Train Acc: 97.78% | Test Loss: 0.1153 | Test Acc: 95.50%
2026-03-29 21:28:36,655 - INFO - Epoch 19/100 | Train Loss: 0.0600 | Train Acc: 97.54% | Test Loss: 0.1123 | Test Acc: 95.60%
2026-03-29 21:28:39,088 - INFO - Epoch 20/100 | Train Loss: 0.0559 | Train Acc: 97.76% | Test Loss: 0.1468 | Test Acc: 94.00%
2026-03-29 21:28:41,499 - INFO - Epoch 21/100 | Train Loss: 0.0370 | Train Acc: 98.70% | Test Loss: 0.1260 | Test Acc: 95.20%
2026-03-29 21:28:43,900 - INFO - Epoch 22/100 | Train Loss: 0.0320 | Train Acc: 98.80% | Test Loss: 0.1357 | Test Acc: 95.10%
2026-03-29 21:28:46,319 - INFO - Epoch 23/100 | Train Loss: 0.0303 | Train Acc: 98.94% | Test Loss: 0.1334 | Test Acc: 94.90%
2026-03-29 21:28:48,786 - INFO - Epoch 24/100 | Train Loss: 0.0291 | Train Acc: 99.12% | Test Loss: 0.1334 | Test Acc: 95.20%
2026-03-29 21:28:51,349 - INFO - Epoch 25/100 | Train Loss: 0.0296 | Train Acc: 98.88% | Test Loss: 0.1289 | Test Acc: 95.60%
2026-03-29 21:28:53,915 - INFO - Epoch 26/100 | Train Loss: 0.0279 | Train Acc: 99.00% | Test Loss: 0.1226 | Test Acc: 95.50%
2026-03-29 21:28:56,383 - INFO - Epoch 27/100 | Train Loss: 0.0212 | Train Acc: 99.40% | Test Loss: 0.1357 | Test Acc: 95.50%
2026-03-29 21:28:58,831 - INFO - Epoch 28/100 | Train Loss: 0.0205 | Train Acc: 99.24% | Test Loss: 0.1415 | Test Acc: 94.90%
2026-03-29 21:29:01,291 - INFO - Epoch 29/100 | Train Loss: 0.0164 | Train Acc: 99.58% | Test Loss: 0.1747 | Test Acc: 94.60%
2026-03-29 21:29:03,747 - INFO - Epoch 30/100 | Train Loss: 0.0152 | Train Acc: 99.62% | Test Loss: 0.1693 | Test Acc: 95.20%
2026-03-29 21:29:06,201 - INFO - Epoch 31/100 | Train Loss: 0.0148 | Train Acc: 99.60% | Test Loss: 0.1924 | Test Acc: 94.70%
2026-03-29 21:29:08,651 - INFO - Epoch 32/100 | Train Loss: 0.0163 | Train Acc: 99.38% | Test Loss: 0.1777 | Test Acc: 94.60%
2026-03-29 21:29:11,190 - INFO - Epoch 33/100 | Train Loss: 0.0117 | Train Acc: 99.72% | Test Loss: 0.1864 | Test Acc: 94.30%
2026-03-29 21:29:13,732 - INFO - Epoch 34/100 | Train Loss: 0.0129 | Train Acc: 99.66% | Test Loss: 0.2240 | Test Acc: 94.70%
2026-03-29 21:29:16,235 - INFO - Epoch 35/100 | Train Loss: 0.0109 | Train Acc: 99.70% | Test Loss: 0.1766 | Test Acc: 94.90%
2026-03-29 21:29:18,709 - INFO - Epoch 36/100 | Train Loss: 0.0099 | Train Acc: 99.74% | Test Loss: 0.1838 | Test Acc: 94.50%
2026-03-29 21:29:21,197 - INFO - Epoch 37/100 | Train Loss: 0.0112 | Train Acc: 99.58% | Test Loss: 0.1999 | Test Acc: 94.70%
2026-03-29 21:29:23,683 - INFO - Epoch 38/100 | Train Loss: 0.0097 | Train Acc: 99.74% | Test Loss: 0.1983 | Test Acc: 94.80%
2026-03-29 21:29:26,193 - INFO - Epoch 39/100 | Train Loss: 0.0081 | Train Acc: 99.78% | Test Loss: 0.1935 | Test Acc: 94.70%
2026-03-29 21:29:28,681 - INFO - Epoch 40/100 | Train Loss: 0.0097 | Train Acc: 99.66% | Test Loss: 0.2083 | Test Acc: 94.90%
2026-03-29 21:29:31,189 - INFO - Epoch 41/100 | Train Loss: 0.0043 | Train Acc: 99.92% | Test Loss: 0.2139 | Test Acc: 94.50%
2026-03-29 21:29:33,737 - INFO - Epoch 42/100 | Train Loss: 0.0035 | Train Acc: 99.98% | Test Loss: 0.2048 | Test Acc: 94.10%
2026-03-29 21:29:36,271 - INFO - Epoch 43/100 | Train Loss: 0.0032 | Train Acc: 99.98% | Test Loss: 0.1997 | Test Acc: 94.60%
2026-03-29 21:29:38,815 - INFO - Epoch 44/100 | Train Loss: 0.0036 | Train Acc: 99.92% | Test Loss: 0.1985 | Test Acc: 94.60%
2026-03-29 21:29:41,342 - INFO - Epoch 45/100 | Train Loss: 0.0029 | Train Acc: 99.96% | Test Loss: 0.2218 | Test Acc: 94.40%
2026-03-29 21:29:43,831 - INFO - Epoch 46/100 | Train Loss: 0.0029 | Train Acc: 99.96% | Test Loss: 0.2217 | Test Acc: 94.30%
2026-03-29 21:29:46,359 - INFO - Epoch 47/100 | Train Loss: 0.0025 | Train Acc: 99.94% | Test Loss: 0.2220 | Test Acc: 94.20%
2026-03-29 21:29:48,889 - INFO - Epoch 48/100 | Train Loss: 0.0027 | Train Acc: 99.98% | Test Loss: 0.2340 | Test Acc: 93.60%
2026-03-29 21:29:51,410 - INFO - Epoch 49/100 | Train Loss: 0.0022 | Train Acc: 99.98% | Test Loss: 0.2163 | Test Acc: 94.80%
2026-03-29 21:29:53,935 - INFO - Epoch 50/100 | Train Loss: 0.0020 | Train Acc: 100.00% | Test Loss: 0.2280 | Test Acc: 94.10%
2026-03-29 21:29:56,482 - INFO - Epoch 51/100 | Train Loss: 0.0020 | Train Acc: 100.00% | Test Loss: 0.2403 | Test Acc: 94.00%
2026-03-29 21:29:59,027 - INFO - Epoch 52/100 | Train Loss: 0.0015 | Train Acc: 100.00% | Test Loss: 0.2376 | Test Acc: 93.90%
2026-03-29 21:30:01,568 - INFO - Epoch 53/100 | Train Loss: 0.0017 | Train Acc: 99.98% | Test Loss: 0.2473 | Test Acc: 94.00%
2026-03-29 21:30:04,101 - INFO - Epoch 54/100 | Train Loss: 0.0018 | Train Acc: 99.98% | Test Loss: 0.2487 | Test Acc: 94.20%
2026-03-29 21:30:06,653 - INFO - Epoch 55/100 | Train Loss: 0.0018 | Train Acc: 99.98% | Test Loss: 0.2491 | Test Acc: 93.80%
2026-03-29 21:30:09,172 - INFO - Epoch 56/100 | Train Loss: 0.0017 | Train Acc: 100.00% | Test Loss: 0.2498 | Test Acc: 94.10%
2026-03-29 21:30:11,683 - INFO - Epoch 57/100 | Train Loss: 0.0019 | Train Acc: 99.96% | Test Loss: 0.2620 | Test Acc: 94.00%
2026-03-29 21:30:14,317 - INFO - Epoch 58/100 | Train Loss: 0.0013 | Train Acc: 99.98% | Test Loss: 0.2557 | Test Acc: 94.50%
2026-03-29 21:30:16,876 - INFO - Epoch 59/100 | Train Loss: 0.0012 | Train Acc: 100.00% | Test Loss: 0.2464 | Test Acc: 94.00%
2026-03-29 21:30:19,415 - INFO - Epoch 60/100 | Train Loss: 0.0015 | Train Acc: 99.98% | Test Loss: 0.2524 | Test Acc: 94.60%
2026-03-29 21:30:21,964 - INFO - Epoch 61/100 | Train Loss: 0.0011 | Train Acc: 100.00% | Test Loss: 0.2521 | Test Acc: 94.10%
2026-03-29 21:30:24,496 - INFO - Epoch 62/100 | Train Loss: 0.0009 | Train Acc: 100.00% | Test Loss: 0.2471 | Test Acc: 94.30%
2026-03-29 21:30:27,118 - INFO - Epoch 63/100 | Train Loss: 0.0009 | Train Acc: 100.00% | Test Loss: 0.2597 | Test Acc: 94.10%
2026-03-29 21:30:29,730 - INFO - Epoch 64/100 | Train Loss: 0.0008 | Train Acc: 100.00% | Test Loss: 0.2667 | Test Acc: 94.00%
2026-03-29 21:30:32,261 - INFO - Epoch 65/100 | Train Loss: 0.0008 | Train Acc: 99.98% | Test Loss: 0.2705 | Test Acc: 94.00%
2026-03-29 21:30:34,878 - INFO - Epoch 66/100 | Train Loss: 0.0008 | Train Acc: 100.00% | Test Loss: 0.2719 | Test Acc: 94.00%
2026-03-29 21:30:37,453 - INFO - Epoch 67/100 | Train Loss: 0.0007 | Train Acc: 100.00% | Test Loss: 0.2718 | Test Acc: 93.80%
2026-03-29 21:30:40,048 - INFO - Epoch 68/100 | Train Loss: 0.0012 | Train Acc: 99.98% | Test Loss: 0.2781 | Test Acc: 93.90%
2026-03-29 21:30:42,669 - INFO - Epoch 69/100 | Train Loss: 0.0009 | Train Acc: 99.98% | Test Loss: 0.2784 | Test Acc: 94.10%
2026-03-29 21:30:45,296 - INFO - Epoch 70/100 | Train Loss: 0.0009 | Train Acc: 100.00% | Test Loss: 0.2761 | Test Acc: 93.90%
2026-03-29 21:30:47,920 - INFO - Epoch 71/100 | Train Loss: 0.0006 | Train Acc: 100.00% | Test Loss: 0.2773 | Test Acc: 93.80%
2026-03-29 21:30:50,509 - INFO - Epoch 72/100 | Train Loss: 0.0005 | Train Acc: 100.00% | Test Loss: 0.2830 | Test Acc: 93.90%
2026-03-29 21:30:53,122 - INFO - Epoch 73/100 | Train Loss: 0.0005 | Train Acc: 100.00% | Test Loss: 0.2825 | Test Acc: 93.90%
2026-03-29 21:30:55,739 - INFO - Epoch 74/100 | Train Loss: 0.0005 | Train Acc: 100.00% | Test Loss: 0.2882 | Test Acc: 93.90%
2026-03-29 21:30:58,376 - INFO - Epoch 75/100 | Train Loss: 0.0008 | Train Acc: 99.98% | Test Loss: 0.2883 | Test Acc: 93.50%
2026-03-29 21:31:00,983 - INFO - Epoch 76/100 | Train Loss: 0.0007 | Train Acc: 100.00% | Test Loss: 0.2931 | Test Acc: 93.90%
2026-03-29 21:31:03,587 - INFO - Epoch 77/100 | Train Loss: 0.0006 | Train Acc: 100.00% | Test Loss: 0.2922 | Test Acc: 93.90%
2026-03-29 21:31:06,208 - INFO - Epoch 78/100 | Train Loss: 0.0004 | Train Acc: 100.00% | Test Loss: 0.2929 | Test Acc: 93.80%
2026-03-29 21:31:08,839 - INFO - Epoch 79/100 | Train Loss: 0.0004 | Train Acc: 100.00% | Test Loss: 0.3050 | Test Acc: 94.10%
2026-03-29 21:31:11,438 - INFO - Epoch 80/100 | Train Loss: 0.0005 | Train Acc: 100.00% | Test Loss: 0.3303 | Test Acc: 93.10%
2026-03-29 21:31:14,033 - INFO - Epoch 81/100 | Train Loss: 0.0008 | Train Acc: 100.00% | Test Loss: 0.2884 | Test Acc: 93.30%
2026-03-29 21:31:16,628 - INFO - Epoch 82/100 | Train Loss: 0.0004 | Train Acc: 100.00% | Test Loss: 0.2895 | Test Acc: 93.50%
2026-03-29 21:31:19,244 - INFO - Epoch 83/100 | Train Loss: 0.0006 | Train Acc: 100.00% | Test Loss: 0.2878 | Test Acc: 93.60%
2026-03-29 21:31:21,892 - INFO - Epoch 84/100 | Train Loss: 0.0004 | Train Acc: 100.00% | Test Loss: 0.2883 | Test Acc: 93.70%
2026-03-29 21:31:24,524 - INFO - Epoch 85/100 | Train Loss: 0.0004 | Train Acc: 100.00% | Test Loss: 0.2917 | Test Acc: 93.60%
2026-03-29 21:31:27,117 - INFO - Epoch 86/100 | Train Loss: 0.0004 | Train Acc: 100.00% | Test Loss: 0.3069 | Test Acc: 93.80%
2026-03-29 21:31:29,734 - INFO - Epoch 87/100 | Train Loss: 0.0003 | Train Acc: 100.00% | Test Loss: 0.3022 | Test Acc: 93.60%
2026-03-29 21:31:32,430 - INFO - Epoch 88/100 | Train Loss: 0.0003 | Train Acc: 100.00% | Test Loss: 0.3022 | Test Acc: 93.40%
2026-03-29 21:31:35,049 - INFO - Epoch 89/100 | Train Loss: 0.0004 | Train Acc: 100.00% | Test Loss: 0.3009 | Test Acc: 94.30%
2026-03-29 21:31:37,663 - INFO - Epoch 90/100 | Train Loss: 0.0003 | Train Acc: 100.00% | Test Loss: 0.2994 | Test Acc: 94.00%
2026-03-29 21:31:40,272 - INFO - Epoch 91/100 | Train Loss: 0.0005 | Train Acc: 99.98% | Test Loss: 0.3009 | Test Acc: 93.70%
2026-03-29 21:31:42,881 - INFO - Epoch 92/100 | Train Loss: 0.0003 | Train Acc: 100.00% | Test Loss: 0.3124 | Test Acc: 93.70%
2026-03-29 21:31:45,447 - INFO - Epoch 93/100 | Train Loss: 0.0004 | Train Acc: 100.00% | Test Loss: 0.3047 | Test Acc: 93.40%
2026-03-29 21:31:48,087 - INFO - Epoch 94/100 | Train Loss: 0.0009 | Train Acc: 99.98% | Test Loss: 0.3094 | Test Acc: 94.10%
2026-03-29 21:31:50,727 - INFO - Epoch 95/100 | Train Loss: 0.0006 | Train Acc: 100.00% | Test Loss: 0.3071 | Test Acc: 94.30%
2026-03-29 21:31:53,358 - INFO - Epoch 96/100 | Train Loss: 0.0003 | Train Acc: 100.00% | Test Loss: 0.3047 | Test Acc: 94.00%
2026-03-29 21:31:55,971 - INFO - Epoch 97/100 | Train Loss: 0.0004 | Train Acc: 100.00% | Test Loss: 0.3041 | Test Acc: 94.00%
2026-03-29 21:31:58,583 - INFO - Epoch 98/100 | Train Loss: 0.0004 | Train Acc: 100.00% | Test Loss: 0.3040 | Test Acc: 94.20%
2026-03-29 21:32:01,158 - INFO - Epoch 99/100 | Train Loss: 0.0004 | Train Acc: 100.00% | Test Loss: 0.2979 | Test Acc: 94.10%
2026-03-29 21:32:03,783 - INFO - Epoch 100/100 | Train Loss: 0.0003 | Train Acc: 100.00% | Test Loss: 0.3073 | Test Acc: 94.10%
2026-03-29 21:32:04,105 - INFO - Saved training curves to training_curves.png
2026-03-29 21:32:04,551 - INFO - Saved gate activation visualization to gate_activations.png
2026-03-29 21:32:04,552 - INFO - Training complete. Artifacts saved: train.log, training_curves.png, gate_activations.png
